
*** Running vivado
    with args -log tb_mux_3bit_4to1.vdi -applog -m64 -product Vivado -messageDb vivado.pb -mode batch -source tb_mux_3bit_4to1.tcl -notrace



****** Vivado v2021.2 (64-bit)
  **** SW Build 3367213 on Tue Oct 19 02:48:09 MDT 2021
  **** IP Build 3369179 on Thu Oct 21 08:25:16 MDT 2021
    ** Copyright 1986-2021 Xilinx, Inc. All Rights Reserved.

source tb_mux_3bit_4to1.tcl -notrace
Command: link_design -top tb_mux_3bit_4to1 -part xc7a50ticsg324-1L
Design is defaulting to srcset: sources_1
Design is defaulting to constrset: constrs_1
INFO: [Device 21-403] Loading part xc7a50ticsg324-1L
Netlist sorting complete. Time (s): cpu = 00:00:00 ; elapsed = 00:00:00 . Memory (MB): peak = 1253.988 ; gain = 0.000
INFO: [Project 1-479] Netlist was created with Vivado 2021.2
INFO: [Project 1-570] Preparing netlist for logic optimization
Parsing XDC File [E:/DE1/xlaban01/digital-electronics-1/labs/03-vivado/multiplexer/multiplexer.srcs/constrs_1/new/nexys-a7-50t.xdc]
WARNING: [Vivado 12-584] No ports matched 'sel_i[0]'. [E:/DE1/xlaban01/digital-electronics-1/labs/03-vivado/multiplexer/multiplexer.srcs/constrs_1/new/nexys-a7-50t.xdc:5]
CRITICAL WARNING: [Common 17-55] 'set_property' expects at least one object. [E:/DE1/xlaban01/digital-electronics-1/labs/03-vivado/multiplexer/multiplexer.srcs/constrs_1/new/nexys-a7-50t.xdc:5]
Resolution: If [get_<value>] was used to populate the object, check to make sure this command returns at least one valid object.
WARNING: [Vivado 12-584] No ports matched 'sel_i[1]'. [E:/DE1/xlaban01/digital-electronics-1/labs/03-vivado/multiplexer/multiplexer.srcs/constrs_1/new/nexys-a7-50t.xdc:6]
CRITICAL WARNING: [Common 17-55] 'set_property' expects at least one object. [E:/DE1/xlaban01/digital-electronics-1/labs/03-vivado/multiplexer/multiplexer.srcs/constrs_1/new/nexys-a7-50t.xdc:6]
Resolution: If [get_<value>] was used to populate the object, check to make sure this command returns at least one valid object.
WARNING: [Vivado 12-584] No ports matched 'a_i[0]'. [E:/DE1/xlaban01/digital-electronics-1/labs/03-vivado/multiplexer/multiplexer.srcs/constrs_1/new/nexys-a7-50t.xdc:8]
CRITICAL WARNING: [Common 17-55] 'set_property' expects at least one object. [E:/DE1/xlaban01/digital-electronics-1/labs/03-vivado/multiplexer/multiplexer.srcs/constrs_1/new/nexys-a7-50t.xdc:8]
Resolution: If [get_<value>] was used to populate the object, check to make sure this command returns at least one valid object.
WARNING: [Vivado 12-584] No ports matched 'a_i[1]'. [E:/DE1/xlaban01/digital-electronics-1/labs/03-vivado/multiplexer/multiplexer.srcs/constrs_1/new/nexys-a7-50t.xdc:9]
CRITICAL WARNING: [Common 17-55] 'set_property' expects at least one object. [E:/DE1/xlaban01/digital-electronics-1/labs/03-vivado/multiplexer/multiplexer.srcs/constrs_1/new/nexys-a7-50t.xdc:9]
Resolution: If [get_<value>] was used to populate the object, check to make sure this command returns at least one valid object.
WARNING: [Vivado 12-584] No ports matched 'a_i[2]'. [E:/DE1/xlaban01/digital-electronics-1/labs/03-vivado/multiplexer/multiplexer.srcs/constrs_1/new/nexys-a7-50t.xdc:10]
CRITICAL WARNING: [Common 17-55] 'set_property' expects at least one object. [E:/DE1/xlaban01/digital-electronics-1/labs/03-vivado/multiplexer/multiplexer.srcs/constrs_1/new/nexys-a7-50t.xdc:10]
Resolution: If [get_<value>] was used to populate the object, check to make sure this command returns at least one valid object.
WARNING: [Vivado 12-584] No ports matched 'b_i[0]'. [E:/DE1/xlaban01/digital-electronics-1/labs/03-vivado/multiplexer/multiplexer.srcs/constrs_1/new/nexys-a7-50t.xdc:12]
CRITICAL WARNING: [Common 17-55] 'set_property' expects at least one object. [E:/DE1/xlaban01/digital-electronics-1/labs/03-vivado/multiplexer/multiplexer.srcs/constrs_1/new/nexys-a7-50t.xdc:12]
Resolution: If [get_<value>] was used to populate the object, check to make sure this command returns at least one valid object.
WARNING: [Vivado 12-584] No ports matched 'b_i[1]'. [E:/DE1/xlaban01/digital-electronics-1/labs/03-vivado/multiplexer/multiplexer.srcs/constrs_1/new/nexys-a7-50t.xdc:13]
CRITICAL WARNING: [Common 17-55] 'set_property' expects at least one object. [E:/DE1/xlaban01/digital-electronics-1/labs/03-vivado/multiplexer/multiplexer.srcs/constrs_1/new/nexys-a7-50t.xdc:13]
Resolution: If [get_<value>] was used to populate the object, check to make sure this command returns at least one valid object.
WARNING: [Vivado 12-584] No ports matched 'b_i[2]'. [E:/DE1/xlaban01/digital-electronics-1/labs/03-vivado/multiplexer/multiplexer.srcs/constrs_1/new/nexys-a7-50t.xdc:14]
CRITICAL WARNING: [Common 17-55] 'set_property' expects at least one object. [E:/DE1/xlaban01/digital-electronics-1/labs/03-vivado/multiplexer/multiplexer.srcs/constrs_1/new/nexys-a7-50t.xdc:14]
Resolution: If [get_<value>] was used to populate the object, check to make sure this command returns at least one valid object.
WARNING: [Vivado 12-584] No ports matched 'c_i[0]'. [E:/DE1/xlaban01/digital-electronics-1/labs/03-vivado/multiplexer/multiplexer.srcs/constrs_1/new/nexys-a7-50t.xdc:16]
CRITICAL WARNING: [Common 17-55] 'set_property' expects at least one object. [E:/DE1/xlaban01/digital-electronics-1/labs/03-vivado/multiplexer/multiplexer.srcs/constrs_1/new/nexys-a7-50t.xdc:16]
Resolution: If [get_<value>] was used to populate the object, check to make sure this command returns at least one valid object.
WARNING: [Vivado 12-584] No ports matched 'c_i[1]'. [E:/DE1/xlaban01/digital-electronics-1/labs/03-vivado/multiplexer/multiplexer.srcs/constrs_1/new/nexys-a7-50t.xdc:17]
CRITICAL WARNING: [Common 17-55] 'set_property' expects at least one object. [E:/DE1/xlaban01/digital-electronics-1/labs/03-vivado/multiplexer/multiplexer.srcs/constrs_1/new/nexys-a7-50t.xdc:17]
Resolution: If [get_<value>] was used to populate the object, check to make sure this command returns at least one valid object.
WARNING: [Vivado 12-584] No ports matched 'c_i[2]'. [E:/DE1/xlaban01/digital-electronics-1/labs/03-vivado/multiplexer/multiplexer.srcs/constrs_1/new/nexys-a7-50t.xdc:18]
CRITICAL WARNING: [Common 17-55] 'set_property' expects at least one object. [E:/DE1/xlaban01/digital-electronics-1/labs/03-vivado/multiplexer/multiplexer.srcs/constrs_1/new/nexys-a7-50t.xdc:18]
Resolution: If [get_<value>] was used to populate the object, check to make sure this command returns at least one valid object.
WARNING: [Vivado 12-584] No ports matched 'd_i[0]'. [E:/DE1/xlaban01/digital-electronics-1/labs/03-vivado/multiplexer/multiplexer.srcs/constrs_1/new/nexys-a7-50t.xdc:20]
CRITICAL WARNING: [Common 17-55] 'set_property' expects at least one object. [E:/DE1/xlaban01/digital-electronics-1/labs/03-vivado/multiplexer/multiplexer.srcs/constrs_1/new/nexys-a7-50t.xdc:20]
Resolution: If [get_<value>] was used to populate the object, check to make sure this command returns at least one valid object.
WARNING: [Vivado 12-584] No ports matched 'd_i[1]'. [E:/DE1/xlaban01/digital-electronics-1/labs/03-vivado/multiplexer/multiplexer.srcs/constrs_1/new/nexys-a7-50t.xdc:21]
CRITICAL WARNING: [Common 17-55] 'set_property' expects at least one object. [E:/DE1/xlaban01/digital-electronics-1/labs/03-vivado/multiplexer/multiplexer.srcs/constrs_1/new/nexys-a7-50t.xdc:21]
Resolution: If [get_<value>] was used to populate the object, check to make sure this command returns at least one valid object.
WARNING: [Vivado 12-584] No ports matched 'd_i[2]'. [E:/DE1/xlaban01/digital-electronics-1/labs/03-vivado/multiplexer/multiplexer.srcs/constrs_1/new/nexys-a7-50t.xdc:22]
CRITICAL WARNING: [Common 17-55] 'set_property' expects at least one object. [E:/DE1/xlaban01/digital-electronics-1/labs/03-vivado/multiplexer/multiplexer.srcs/constrs_1/new/nexys-a7-50t.xdc:22]
Resolution: If [get_<value>] was used to populate the object, check to make sure this command returns at least one valid object.
WARNING: [Vivado 12-584] No ports matched 'f_o[0]'. [E:/DE1/xlaban01/digital-electronics-1/labs/03-vivado/multiplexer/multiplexer.srcs/constrs_1/new/nexys-a7-50t.xdc:27]
CRITICAL WARNING: [Common 17-55] 'set_property' expects at least one object. [E:/DE1/xlaban01/digital-electronics-1/labs/03-vivado/multiplexer/multiplexer.srcs/constrs_1/new/nexys-a7-50t.xdc:27]
Resolution: If [get_<value>] was used to populate the object, check to make sure this command returns at least one valid object.
WARNING: [Vivado 12-584] No ports matched 'f_o[1]'. [E:/DE1/xlaban01/digital-electronics-1/labs/03-vivado/multiplexer/multiplexer.srcs/constrs_1/new/nexys-a7-50t.xdc:28]
CRITICAL WARNING: [Common 17-55] 'set_property' expects at least one object. [E:/DE1/xlaban01/digital-electronics-1/labs/03-vivado/multiplexer/multiplexer.srcs/constrs_1/new/nexys-a7-50t.xdc:28]
Resolution: If [get_<value>] was used to populate the object, check to make sure this command returns at least one valid object.
WARNING: [Vivado 12-584] No ports matched 'f_o[2]'. [E:/DE1/xlaban01/digital-electronics-1/labs/03-vivado/multiplexer/multiplexer.srcs/constrs_1/new/nexys-a7-50t.xdc:29]
CRITICAL WARNING: [Common 17-55] 'set_property' expects at least one object. [E:/DE1/xlaban01/digital-electronics-1/labs/03-vivado/multiplexer/multiplexer.srcs/constrs_1/new/nexys-a7-50t.xdc:29]
Resolution: If [get_<value>] was used to populate the object, check to make sure this command returns at least one valid object.
Finished Parsing XDC File [E:/DE1/xlaban01/digital-electronics-1/labs/03-vivado/multiplexer/multiplexer.srcs/constrs_1/new/nexys-a7-50t.xdc]
INFO: [Opt 31-138] Pushed 0 inverter(s) to 0 load pin(s).
Netlist sorting complete. Time (s): cpu = 00:00:00 ; elapsed = 00:00:00 . Memory (MB): peak = 1253.988 ; gain = 0.000
INFO: [Project 1-111] Unisim Transformation Summary:
No Unisim elements were transformed.

5 Infos, 17 Warnings, 17 Critical Warnings and 0 Errors encountered.
link_design completed successfully
Command: opt_design
Attempting to get a license for feature 'Implementation' and/or device 'xc7a50ti'
INFO: [Common 17-349] Got license for feature 'Implementation' and/or device 'xc7a50ti'
Running DRC as a precondition to command opt_design

Starting DRC Task
INFO: [DRC 23-27] Running DRC with 2 threads
INFO: [Project 1-461] DRC finished with 0 Errors
INFO: [Project 1-462] Please refer to the DRC report (report_drc) for more information.

Time (s): cpu = 00:00:01 ; elapsed = 00:00:00.479 . Memory (MB): peak = 1253.988 ; gain = 0.000

Starting Cache Timing Information Task
INFO: [Timing 38-35] Done setting XDC timing constraints.
Ending Cache Timing Information Task | Checksum: f4f439ea

Time (s): cpu = 00:00:06 ; elapsed = 00:00:06 . Memory (MB): peak = 1306.770 ; gain = 52.781

Starting Logic Optimization Task

Phase 1 Retarget
INFO: [Opt 31-138] Pushed 0 inverter(s) to 0 load pin(s).
INFO: [Opt 31-49] Retargeted 0 cell(s).
Phase 1 Retarget | Checksum: f4f439ea

Time (s): cpu = 00:00:00 ; elapsed = 00:00:00.004 . Memory (MB): peak = 1591.266 ; gain = 0.000
INFO: [Opt 31-389] Phase Retarget created 0 cells and removed 0 cells

Phase 2 Constant propagation
INFO: [Opt 31-138] Pushed 0 inverter(s) to 0 load pin(s).
Phase 2 Constant propagation | Checksum: f4f439ea

Time (s): cpu = 00:00:00 ; elapsed = 00:00:00.005 . Memory (MB): peak = 1591.266 ; gain = 0.000
INFO: [Opt 31-389] Phase Constant propagation created 0 cells and removed 0 cells

Phase 3 Sweep
Phase 3 Sweep | Checksum: f4f439ea

Time (s): cpu = 00:00:00 ; elapsed = 00:00:00.005 . Memory (MB): peak = 1591.266 ; gain = 0.000
INFO: [Opt 31-389] Phase Sweep created 0 cells and removed 0 cells

Phase 4 BUFG optimization
Phase 4 BUFG optimization | Checksum: f4f439ea

Time (s): cpu = 00:00:00 ; elapsed = 00:00:00.006 . Memory (MB): peak = 1591.266 ; gain = 0.000
INFO: [Opt 31-662] Phase BUFG optimization created 0 cells of which 0 are BUFGs and removed 0 cells.

Phase 5 Shift Register Optimization
INFO: [Opt 31-1064] SRL Remap converted 0 SRLs to 0 registers and converted 0 registers of register chains to 0 SRLs
Phase 5 Shift Register Optimization | Checksum: f4f439ea

Time (s): cpu = 00:00:00 ; elapsed = 00:00:00.007 . Memory (MB): peak = 1591.266 ; gain = 0.000
INFO: [Opt 31-389] Phase Shift Register Optimization created 0 cells and removed 0 cells

Phase 6 Post Processing Netlist
Phase 6 Post Processing Netlist | Checksum: f4f439ea

Time (s): cpu = 00:00:00 ; elapsed = 00:00:00.008 . Memory (MB): peak = 1591.266 ; gain = 0.000
INFO: [Opt 31-389] Phase Post Processing Netlist created 0 cells and removed 0 cells
Opt_design Change Summary
=========================


-------------------------------------------------------------------------------------------------------------------------
|  Phase                        |  #Cells created  |  #Cells Removed  |  #Constrained objects preventing optimizations  |
-------------------------------------------------------------------------------------------------------------------------
|  Retarget                     |               0  |               0  |                                              0  |
|  Constant propagation         |               0  |               0  |                                              0  |
|  Sweep                        |               0  |               0  |                                              0  |
|  BUFG optimization            |               0  |               0  |                                              0  |
|  Shift Register Optimization  |               0  |               0  |                                              0  |
|  Post Processing Netlist      |               0  |               0  |                                              0  |
-------------------------------------------------------------------------------------------------------------------------



Starting Connectivity Check Task

Time (s): cpu = 00:00:00 ; elapsed = 00:00:00 . Memory (MB): peak = 1591.266 ; gain = 0.000
Ending Logic Optimization Task | Checksum: f4f439ea

Time (s): cpu = 00:00:00 ; elapsed = 00:00:00.009 . Memory (MB): peak = 1591.266 ; gain = 0.000

Starting Power Optimization Task
INFO: [Pwropt 34-132] Skipping clock gating for clocks with a period < 2.00 ns.
Ending Power Optimization Task | Checksum: f4f439ea

Time (s): cpu = 00:00:00 ; elapsed = 00:00:00.006 . Memory (MB): peak = 1607.102 ; gain = 15.836

Starting Final Cleanup Task
Ending Final Cleanup Task | Checksum: f4f439ea

Time (s): cpu = 00:00:00 ; elapsed = 00:00:00 . Memory (MB): peak = 1607.102 ; gain = 0.000

Starting Netlist Obfuscation Task
Netlist sorting complete. Time (s): cpu = 00:00:00 ; elapsed = 00:00:00 . Memory (MB): peak = 1607.102 ; gain = 0.000
Ending Netlist Obfuscation Task | Checksum: f4f439ea

Time (s): cpu = 00:00:00 ; elapsed = 00:00:00 . Memory (MB): peak = 1607.102 ; gain = 0.000
INFO: [Common 17-83] Releasing license: Implementation
22 Infos, 17 Warnings, 17 Critical Warnings and 0 Errors encountered.
opt_design completed successfully
opt_design: Time (s): cpu = 00:00:09 ; elapsed = 00:00:09 . Memory (MB): peak = 1607.102 ; gain = 353.113
INFO: [Timing 38-480] Writing timing data to binary archive.
INFO: [Common 17-1381] The checkpoint 'E:/DE1/xlaban01/digital-electronics-1/labs/03-vivado/multiplexer/multiplexer.runs/impl_1/tb_mux_3bit_4to1_opt.dcp' has been generated.
INFO: [runtcl-4] Executing : report_drc -file tb_mux_3bit_4to1_drc_opted.rpt -pb tb_mux_3bit_4to1_drc_opted.pb -rpx tb_mux_3bit_4to1_drc_opted.rpx
Command: report_drc -file tb_mux_3bit_4to1_drc_opted.rpt -pb tb_mux_3bit_4to1_drc_opted.pb -rpx tb_mux_3bit_4to1_drc_opted.rpx
INFO: [IP_Flow 19-234] Refreshing IP repositories
INFO: [IP_Flow 19-1704] No user IP repositories specified
INFO: [IP_Flow 19-2313] Loaded Vivado IP repository 'E:/Vivado/Vivado/2021.2/data/ip'.
INFO: [Timing 38-35] Done setting XDC timing constraints.
INFO: [DRC 23-27] Running DRC with 2 threads
INFO: [Vivado_Tcl 2-168] The results of DRC are in file E:/DE1/xlaban01/digital-electronics-1/labs/03-vivado/multiplexer/multiplexer.runs/impl_1/tb_mux_3bit_4to1_drc_opted.rpt.
report_drc completed successfully
Command: place_design
Attempting to get a license for feature 'Implementation' and/or device 'xc7a50ti'
INFO: [Common 17-349] Got license for feature 'Implementation' and/or device 'xc7a50ti'
INFO: [DRC 23-27] Running DRC with 2 threads
INFO: [Vivado_Tcl 4-198] DRC finished with 0 Errors
INFO: [Vivado_Tcl 4-199] Please refer to the DRC report (report_drc) for more information.
Running DRC as a precondition to command place_design
INFO: [DRC 23-27] Running DRC with 2 threads
INFO: [Vivado_Tcl 4-198] DRC finished with 0 Errors
INFO: [Vivado_Tcl 4-199] Please refer to the DRC report (report_drc) for more information.

Starting Placer Task
INFO: [Place 30-611] Multithreading enabled for place_design using a maximum of 2 CPUs

Phase 1 Placer Initialization

Phase 1.1 Placer Initialization Netlist Sorting
Netlist sorting complete. Time (s): cpu = 00:00:00 ; elapsed = 00:00:00 . Memory (MB): peak = 1626.309 ; gain = 0.000
Phase 1.1 Placer Initialization Netlist Sorting | Checksum: 00000000

Time (s): cpu = 00:00:00 ; elapsed = 00:00:00.005 . Memory (MB): peak = 1626.309 ; gain = 0.000
Phase 1 Placer Initialization | Checksum: 00000000

Time (s): cpu = 00:00:00 ; elapsed = 00:00:00.005 . Memory (MB): peak = 1626.309 ; gain = 0.000
ERROR: [Place 30-494] The design is empty
Resolution: Check if opt_design has removed all the leaf cells of your design.  Check whether you have instantiated and connected all of the top level ports.
Ending Placer Task | Checksum: 00000000

Time (s): cpu = 00:00:00 ; elapsed = 00:00:00.005 . Memory (MB): peak = 1626.309 ; gain = 0.000
INFO: [Common 17-83] Releasing license: Implementation
40 Infos, 17 Warnings, 17 Critical Warnings and 2 Errors encountered.
place_design failed
ERROR: [Common 17-69] Command failed: Placer could not place all instances
INFO: [Common 17-206] Exiting Vivado at Mon Mar  7 19:53:04 2022...
