
*** Running vivado
    with args -log tb_mux_3bit_4to1.vds -m64 -product Vivado -mode batch -messageDb vivado.pb -notrace -source tb_mux_3bit_4to1.tcl



****** Vivado v2021.2 (64-bit)
  **** SW Build 3367213 on Tue Oct 19 02:48:09 MDT 2021
  **** IP Build 3369179 on Thu Oct 21 08:25:16 MDT 2021
    ** Copyright 1986-2021 Xilinx, Inc. All Rights Reserved.

source tb_mux_3bit_4to1.tcl -notrace
Command: synth_design -top tb_mux_3bit_4to1 -part xc7a50ticsg324-1L
Starting synth_design
Attempting to get a license for feature 'Synthesis' and/or device 'xc7a50ti'
INFO: [Common 17-349] Got license for feature 'Synthesis' and/or device 'xc7a50ti'
INFO: [Device 21-403] Loading part xc7a50ticsg324-1L
INFO: [Synth 8-7079] Multithreading enabled for synth_design using a maximum of 2 processes.
INFO: [Synth 8-7078] Launching helper process for spawning children vivado processes
INFO: [Synth 8-7075] Helper process launched with PID 12304
---------------------------------------------------------------------------------
Starting RTL Elaboration : Time (s): cpu = 00:00:04 ; elapsed = 00:00:04 . Memory (MB): peak = 1249.855 ; gain = 0.000
---------------------------------------------------------------------------------
INFO: [Synth 8-638] synthesizing module 'tb_mux_3bit_4to1' [E:/DE1/xlaban01/digital-electronics-1/labs/03-vivado/multiplexer/multiplexer.srcs/sources_1/new/tb_mux_3bit_4to1.vhd:14]
INFO: [Synth 8-638] synthesizing module 'mux_3bit_4to1' [E:/DE1/xlaban01/digital-electronics-1/labs/03-vivado/multiplexer/multiplexer.srcs/sources_1/new/mux_3bit_4to1.vhd:33]
INFO: [Synth 8-256] done synthesizing module 'mux_3bit_4to1' (1#1) [E:/DE1/xlaban01/digital-electronics-1/labs/03-vivado/multiplexer/multiplexer.srcs/sources_1/new/mux_3bit_4to1.vhd:33]
WARNING: [Synth 8-312] ignoring unsynthesizable construct: wait statement with no conditon [E:/DE1/xlaban01/digital-electronics-1/labs/03-vivado/multiplexer/multiplexer.srcs/sources_1/new/tb_mux_3bit_4to1.vhd:48]
WARNING: [Synth 8-312] ignoring unsynthesizable construct: wait statement with no conditon [E:/DE1/xlaban01/digital-electronics-1/labs/03-vivado/multiplexer/multiplexer.srcs/sources_1/new/tb_mux_3bit_4to1.vhd:55]
WARNING: [Synth 8-312] ignoring unsynthesizable construct: wait statement with no conditon [E:/DE1/xlaban01/digital-electronics-1/labs/03-vivado/multiplexer/multiplexer.srcs/sources_1/new/tb_mux_3bit_4to1.vhd:62]
WARNING: [Synth 8-312] ignoring unsynthesizable construct: wait statement with no conditon [E:/DE1/xlaban01/digital-electronics-1/labs/03-vivado/multiplexer/multiplexer.srcs/sources_1/new/tb_mux_3bit_4to1.vhd:69]
INFO: [Synth 8-256] done synthesizing module 'tb_mux_3bit_4to1' (2#1) [E:/DE1/xlaban01/digital-electronics-1/labs/03-vivado/multiplexer/multiplexer.srcs/sources_1/new/tb_mux_3bit_4to1.vhd:14]
---------------------------------------------------------------------------------
Finished RTL Elaboration : Time (s): cpu = 00:00:05 ; elapsed = 00:00:05 . Memory (MB): peak = 1249.855 ; gain = 0.000
---------------------------------------------------------------------------------
---------------------------------------------------------------------------------
Start Handling Custom Attributes
---------------------------------------------------------------------------------
---------------------------------------------------------------------------------
Finished Handling Custom Attributes : Time (s): cpu = 00:00:06 ; elapsed = 00:00:06 . Memory (MB): peak = 1249.855 ; gain = 0.000
---------------------------------------------------------------------------------
---------------------------------------------------------------------------------
Finished RTL Optimization Phase 1 : Time (s): cpu = 00:00:06 ; elapsed = 00:00:06 . Memory (MB): peak = 1249.855 ; gain = 0.000
---------------------------------------------------------------------------------
Netlist sorting complete. Time (s): cpu = 00:00:00 ; elapsed = 00:00:00 . Memory (MB): peak = 1249.855 ; gain = 0.000
INFO: [Project 1-570] Preparing netlist for logic optimization

Processing XDC Constraints
Initializing timing engine
Parsing XDC File [E:/DE1/xlaban01/digital-electronics-1/labs/03-vivado/multiplexer/multiplexer.srcs/constrs_1/new/nexys-a7-50t.xdc]
WARNING: [Vivado 12-584] No ports matched 'sel_i[0]'. [E:/DE1/xlaban01/digital-electronics-1/labs/03-vivado/multiplexer/multiplexer.srcs/constrs_1/new/nexys-a7-50t.xdc:5]
CRITICAL WARNING: [Common 17-55] 'set_property' expects at least one object. [E:/DE1/xlaban01/digital-electronics-1/labs/03-vivado/multiplexer/multiplexer.srcs/constrs_1/new/nexys-a7-50t.xdc:5]
Resolution: If [get_<value>] was used to populate the object, check to make sure this command returns at least one valid object.
WARNING: [Vivado 12-584] No ports matched 'sel_i[1]'. [E:/DE1/xlaban01/digital-electronics-1/labs/03-vivado/multiplexer/multiplexer.srcs/constrs_1/new/nexys-a7-50t.xdc:6]
CRITICAL WARNING: [Common 17-55] 'set_property' expects at least one object. [E:/DE1/xlaban01/digital-electronics-1/labs/03-vivado/multiplexer/multiplexer.srcs/constrs_1/new/nexys-a7-50t.xdc:6]
Resolution: If [get_<value>] was used to populate the object, check to make sure this command returns at least one valid object.
WARNING: [Vivado 12-584] No ports matched 'a_i[0]'. [E:/DE1/xlaban01/digital-electronics-1/labs/03-vivado/multiplexer/multiplexer.srcs/constrs_1/new/nexys-a7-50t.xdc:8]
CRITICAL WARNING: [Common 17-55] 'set_property' expects at least one object. [E:/DE1/xlaban01/digital-electronics-1/labs/03-vivado/multiplexer/multiplexer.srcs/constrs_1/new/nexys-a7-50t.xdc:8]
Resolution: If [get_<value>] was used to populate the object, check to make sure this command returns at least one valid object.
WARNING: [Vivado 12-584] No ports matched 'a_i[1]'. [E:/DE1/xlaban01/digital-electronics-1/labs/03-vivado/multiplexer/multiplexer.srcs/constrs_1/new/nexys-a7-50t.xdc:9]
CRITICAL WARNING: [Common 17-55] 'set_property' expects at least one object. [E:/DE1/xlaban01/digital-electronics-1/labs/03-vivado/multiplexer/multiplexer.srcs/constrs_1/new/nexys-a7-50t.xdc:9]
Resolution: If [get_<value>] was used to populate the object, check to make sure this command returns at least one valid object.
WARNING: [Vivado 12-584] No ports matched 'a_i[2]'. [E:/DE1/xlaban01/digital-electronics-1/labs/03-vivado/multiplexer/multiplexer.srcs/constrs_1/new/nexys-a7-50t.xdc:10]
CRITICAL WARNING: [Common 17-55] 'set_property' expects at least one object. [E:/DE1/xlaban01/digital-electronics-1/labs/03-vivado/multiplexer/multiplexer.srcs/constrs_1/new/nexys-a7-50t.xdc:10]
Resolution: If [get_<value>] was used to populate the object, check to make sure this command returns at least one valid object.
WARNING: [Vivado 12-584] No ports matched 'b_i[0]'. [E:/DE1/xlaban01/digital-electronics-1/labs/03-vivado/multiplexer/multiplexer.srcs/constrs_1/new/nexys-a7-50t.xdc:12]
CRITICAL WARNING: [Common 17-55] 'set_property' expects at least one object. [E:/DE1/xlaban01/digital-electronics-1/labs/03-vivado/multiplexer/multiplexer.srcs/constrs_1/new/nexys-a7-50t.xdc:12]
Resolution: If [get_<value>] was used to populate the object, check to make sure this command returns at least one valid object.
WARNING: [Vivado 12-584] No ports matched 'b_i[1]'. [E:/DE1/xlaban01/digital-electronics-1/labs/03-vivado/multiplexer/multiplexer.srcs/constrs_1/new/nexys-a7-50t.xdc:13]
CRITICAL WARNING: [Common 17-55] 'set_property' expects at least one object. [E:/DE1/xlaban01/digital-electronics-1/labs/03-vivado/multiplexer/multiplexer.srcs/constrs_1/new/nexys-a7-50t.xdc:13]
Resolution: If [get_<value>] was used to populate the object, check to make sure this command returns at least one valid object.
WARNING: [Vivado 12-584] No ports matched 'b_i[2]'. [E:/DE1/xlaban01/digital-electronics-1/labs/03-vivado/multiplexer/multiplexer.srcs/constrs_1/new/nexys-a7-50t.xdc:14]
CRITICAL WARNING: [Common 17-55] 'set_property' expects at least one object. [E:/DE1/xlaban01/digital-electronics-1/labs/03-vivado/multiplexer/multiplexer.srcs/constrs_1/new/nexys-a7-50t.xdc:14]
Resolution: If [get_<value>] was used to populate the object, check to make sure this command returns at least one valid object.
WARNING: [Vivado 12-584] No ports matched 'c_i[0]'. [E:/DE1/xlaban01/digital-electronics-1/labs/03-vivado/multiplexer/multiplexer.srcs/constrs_1/new/nexys-a7-50t.xdc:16]
CRITICAL WARNING: [Common 17-55] 'set_property' expects at least one object. [E:/DE1/xlaban01/digital-electronics-1/labs/03-vivado/multiplexer/multiplexer.srcs/constrs_1/new/nexys-a7-50t.xdc:16]
Resolution: If [get_<value>] was used to populate the object, check to make sure this command returns at least one valid object.
WARNING: [Vivado 12-584] No ports matched 'c_i[1]'. [E:/DE1/xlaban01/digital-electronics-1/labs/03-vivado/multiplexer/multiplexer.srcs/constrs_1/new/nexys-a7-50t.xdc:17]
CRITICAL WARNING: [Common 17-55] 'set_property' expects at least one object. [E:/DE1/xlaban01/digital-electronics-1/labs/03-vivado/multiplexer/multiplexer.srcs/constrs_1/new/nexys-a7-50t.xdc:17]
Resolution: If [get_<value>] was used to populate the object, check to make sure this command returns at least one valid object.
WARNING: [Vivado 12-584] No ports matched 'c_i[2]'. [E:/DE1/xlaban01/digital-electronics-1/labs/03-vivado/multiplexer/multiplexer.srcs/constrs_1/new/nexys-a7-50t.xdc:18]
CRITICAL WARNING: [Common 17-55] 'set_property' expects at least one object. [E:/DE1/xlaban01/digital-electronics-1/labs/03-vivado/multiplexer/multiplexer.srcs/constrs_1/new/nexys-a7-50t.xdc:18]
Resolution: If [get_<value>] was used to populate the object, check to make sure this command returns at least one valid object.
WARNING: [Vivado 12-584] No ports matched 'd_i[0]'. [E:/DE1/xlaban01/digital-electronics-1/labs/03-vivado/multiplexer/multiplexer.srcs/constrs_1/new/nexys-a7-50t.xdc:20]
CRITICAL WARNING: [Common 17-55] 'set_property' expects at least one object. [E:/DE1/xlaban01/digital-electronics-1/labs/03-vivado/multiplexer/multiplexer.srcs/constrs_1/new/nexys-a7-50t.xdc:20]
Resolution: If [get_<value>] was used to populate the object, check to make sure this command returns at least one valid object.
WARNING: [Vivado 12-584] No ports matched 'd_i[1]'. [E:/DE1/xlaban01/digital-electronics-1/labs/03-vivado/multiplexer/multiplexer.srcs/constrs_1/new/nexys-a7-50t.xdc:21]
CRITICAL WARNING: [Common 17-55] 'set_property' expects at least one object. [E:/DE1/xlaban01/digital-electronics-1/labs/03-vivado/multiplexer/multiplexer.srcs/constrs_1/new/nexys-a7-50t.xdc:21]
Resolution: If [get_<value>] was used to populate the object, check to make sure this command returns at least one valid object.
WARNING: [Vivado 12-584] No ports matched 'd_i[2]'. [E:/DE1/xlaban01/digital-electronics-1/labs/03-vivado/multiplexer/multiplexer.srcs/constrs_1/new/nexys-a7-50t.xdc:22]
CRITICAL WARNING: [Common 17-55] 'set_property' expects at least one object. [E:/DE1/xlaban01/digital-electronics-1/labs/03-vivado/multiplexer/multiplexer.srcs/constrs_1/new/nexys-a7-50t.xdc:22]
Resolution: If [get_<value>] was used to populate the object, check to make sure this command returns at least one valid object.
WARNING: [Vivado 12-584] No ports matched 'f_o[0]'. [E:/DE1/xlaban01/digital-electronics-1/labs/03-vivado/multiplexer/multiplexer.srcs/constrs_1/new/nexys-a7-50t.xdc:27]
CRITICAL WARNING: [Common 17-55] 'set_property' expects at least one object. [E:/DE1/xlaban01/digital-electronics-1/labs/03-vivado/multiplexer/multiplexer.srcs/constrs_1/new/nexys-a7-50t.xdc:27]
Resolution: If [get_<value>] was used to populate the object, check to make sure this command returns at least one valid object.
WARNING: [Vivado 12-584] No ports matched 'f_o[1]'. [E:/DE1/xlaban01/digital-electronics-1/labs/03-vivado/multiplexer/multiplexer.srcs/constrs_1/new/nexys-a7-50t.xdc:28]
CRITICAL WARNING: [Common 17-55] 'set_property' expects at least one object. [E:/DE1/xlaban01/digital-electronics-1/labs/03-vivado/multiplexer/multiplexer.srcs/constrs_1/new/nexys-a7-50t.xdc:28]
Resolution: If [get_<value>] was used to populate the object, check to make sure this command returns at least one valid object.
WARNING: [Vivado 12-584] No ports matched 'f_o[2]'. [E:/DE1/xlaban01/digital-electronics-1/labs/03-vivado/multiplexer/multiplexer.srcs/constrs_1/new/nexys-a7-50t.xdc:29]
CRITICAL WARNING: [Common 17-55] 'set_property' expects at least one object. [E:/DE1/xlaban01/digital-electronics-1/labs/03-vivado/multiplexer/multiplexer.srcs/constrs_1/new/nexys-a7-50t.xdc:29]
Resolution: If [get_<value>] was used to populate the object, check to make sure this command returns at least one valid object.
Finished Parsing XDC File [E:/DE1/xlaban01/digital-electronics-1/labs/03-vivado/multiplexer/multiplexer.srcs/constrs_1/new/nexys-a7-50t.xdc]
Completed Processing XDC Constraints

Netlist sorting complete. Time (s): cpu = 00:00:00 ; elapsed = 00:00:00 . Memory (MB): peak = 1249.855 ; gain = 0.000
INFO: [Project 1-111] Unisim Transformation Summary:
No Unisim elements were transformed.

Constraint Validation Runtime : Time (s): cpu = 00:00:00 ; elapsed = 00:00:00.001 . Memory (MB): peak = 1249.855 ; gain = 0.000
---------------------------------------------------------------------------------
Finished Constraint Validation : Time (s): cpu = 00:00:11 ; elapsed = 00:00:11 . Memory (MB): peak = 1249.855 ; gain = 0.000
---------------------------------------------------------------------------------
---------------------------------------------------------------------------------
Start Loading Part and Timing Information
---------------------------------------------------------------------------------
Loading part: xc7a50ticsg324-1L
---------------------------------------------------------------------------------
Finished Loading Part and Timing Information : Time (s): cpu = 00:00:11 ; elapsed = 00:00:11 . Memory (MB): peak = 1249.855 ; gain = 0.000
---------------------------------------------------------------------------------
---------------------------------------------------------------------------------
Start Applying 'set_property' XDC Constraints
---------------------------------------------------------------------------------
---------------------------------------------------------------------------------
Finished applying 'set_property' XDC Constraints : Time (s): cpu = 00:00:11 ; elapsed = 00:00:11 . Memory (MB): peak = 1249.855 ; gain = 0.000
---------------------------------------------------------------------------------
---------------------------------------------------------------------------------
Finished RTL Optimization Phase 2 : Time (s): cpu = 00:00:11 ; elapsed = 00:00:11 . Memory (MB): peak = 1249.855 ; gain = 0.000
---------------------------------------------------------------------------------
---------------------------------------------------------------------------------
Start RTL Component Statistics 
---------------------------------------------------------------------------------
Detailed RTL Component Info : 
+---Muxes : 
	   4 Input    3 Bit        Muxes := 1     
---------------------------------------------------------------------------------
Finished RTL Component Statistics 
---------------------------------------------------------------------------------
---------------------------------------------------------------------------------
Start Part Resource Summary
---------------------------------------------------------------------------------
Part Resources:
DSPs: 120 (col length:60)
BRAMs: 150 (col length: RAMB18 60 RAMB36 30)
---------------------------------------------------------------------------------
Finished Part Resource Summary
---------------------------------------------------------------------------------
---------------------------------------------------------------------------------
Start Cross Boundary and Area Optimization
---------------------------------------------------------------------------------
WARNING: [Synth 8-7080] Parallel synthesis criteria is not met
---------------------------------------------------------------------------------
Finished Cross Boundary and Area Optimization : Time (s): cpu = 00:00:13 ; elapsed = 00:00:13 . Memory (MB): peak = 1249.855 ; gain = 0.000
---------------------------------------------------------------------------------
---------------------------------------------------------------------------------
Start Applying XDC Timing Constraints
---------------------------------------------------------------------------------
---------------------------------------------------------------------------------
Finished Applying XDC Timing Constraints : Time (s): cpu = 00:00:17 ; elapsed = 00:00:18 . Memory (MB): peak = 1249.855 ; gain = 0.000
---------------------------------------------------------------------------------
---------------------------------------------------------------------------------
Start Timing Optimization
---------------------------------------------------------------------------------
---------------------------------------------------------------------------------
Finished Timing Optimization : Time (s): cpu = 00:00:17 ; elapsed = 00:00:18 . Memory (MB): peak = 1249.855 ; gain = 0.000
---------------------------------------------------------------------------------
---------------------------------------------------------------------------------
Start Technology Mapping
---------------------------------------------------------------------------------
---------------------------------------------------------------------------------
Finished Technology Mapping : Time (s): cpu = 00:00:17 ; elapsed = 00:00:18 . Memory (MB): peak = 1249.855 ; gain = 0.000
---------------------------------------------------------------------------------
---------------------------------------------------------------------------------
Start IO Insertion
---------------------------------------------------------------------------------
---------------------------------------------------------------------------------
Start Flattening Before IO Insertion
---------------------------------------------------------------------------------
---------------------------------------------------------------------------------
Finished Flattening Before IO Insertion
---------------------------------------------------------------------------------
---------------------------------------------------------------------------------
Start Final Netlist Cleanup
---------------------------------------------------------------------------------
---------------------------------------------------------------------------------
Finished Final Netlist Cleanup
---------------------------------------------------------------------------------
---------------------------------------------------------------------------------
Finished IO Insertion : Time (s): cpu = 00:00:21 ; elapsed = 00:00:22 . Memory (MB): peak = 1249.855 ; gain = 0.000
---------------------------------------------------------------------------------
---------------------------------------------------------------------------------
Start Renaming Generated Instances
---------------------------------------------------------------------------------
---------------------------------------------------------------------------------
Finished Renaming Generated Instances : Time (s): cpu = 00:00:21 ; elapsed = 00:00:22 . Memory (MB): peak = 1249.855 ; gain = 0.000
---------------------------------------------------------------------------------
---------------------------------------------------------------------------------
Start Rebuilding User Hierarchy
---------------------------------------------------------------------------------
---------------------------------------------------------------------------------
Finished Rebuilding User Hierarchy : Time (s): cpu = 00:00:21 ; elapsed = 00:00:22 . Memory (MB): peak = 1249.855 ; gain = 0.000
---------------------------------------------------------------------------------
---------------------------------------------------------------------------------
Start Renaming Generated Ports
---------------------------------------------------------------------------------
---------------------------------------------------------------------------------
Finished Renaming Generated Ports : Time (s): cpu = 00:00:21 ; elapsed = 00:00:22 . Memory (MB): peak = 1249.855 ; gain = 0.000
---------------------------------------------------------------------------------
---------------------------------------------------------------------------------
Start Handling Custom Attributes
---------------------------------------------------------------------------------
---------------------------------------------------------------------------------
Finished Handling Custom Attributes : Time (s): cpu = 00:00:21 ; elapsed = 00:00:22 . Memory (MB): peak = 1249.855 ; gain = 0.000
---------------------------------------------------------------------------------
---------------------------------------------------------------------------------
Start Renaming Generated Nets
---------------------------------------------------------------------------------
---------------------------------------------------------------------------------
Finished Renaming Generated Nets : Time (s): cpu = 00:00:21 ; elapsed = 00:00:22 . Memory (MB): peak = 1249.855 ; gain = 0.000
---------------------------------------------------------------------------------
---------------------------------------------------------------------------------
Start Writing Synthesis Report
---------------------------------------------------------------------------------

Report BlackBoxes: 
+-+--------------+----------+
| |BlackBox name |Instances |
+-+--------------+----------+
+-+--------------+----------+

Report Cell Usage: 
+-+-----+------+
| |Cell |Count |
+-+-----+------+
+-+-----+------+
---------------------------------------------------------------------------------
Finished Writing Synthesis Report : Time (s): cpu = 00:00:21 ; elapsed = 00:00:22 . Memory (MB): peak = 1249.855 ; gain = 0.000
---------------------------------------------------------------------------------
Synthesis finished with 0 errors, 0 critical warnings and 1 warnings.
Synthesis Optimization Runtime : Time (s): cpu = 00:00:14 ; elapsed = 00:00:20 . Memory (MB): peak = 1249.855 ; gain = 0.000
Synthesis Optimization Complete : Time (s): cpu = 00:00:21 ; elapsed = 00:00:22 . Memory (MB): peak = 1249.855 ; gain = 0.000
INFO: [Project 1-571] Translating synthesized netlist
Netlist sorting complete. Time (s): cpu = 00:00:00 ; elapsed = 00:00:00 . Memory (MB): peak = 1249.855 ; gain = 0.000
INFO: [Project 1-570] Preparing netlist for logic optimization
INFO: [Opt 31-138] Pushed 0 inverter(s) to 0 load pin(s).
Netlist sorting complete. Time (s): cpu = 00:00:00 ; elapsed = 00:00:00 . Memory (MB): peak = 1249.855 ; gain = 0.000
INFO: [Project 1-111] Unisim Transformation Summary:
No Unisim elements were transformed.

Synth Design complete, checksum: f4f439ea
INFO: [Common 17-83] Releasing license: Synthesis
16 Infos, 22 Warnings, 17 Critical Warnings and 0 Errors encountered.
synth_design completed successfully
synth_design: Time (s): cpu = 00:00:24 ; elapsed = 00:00:26 . Memory (MB): peak = 1249.855 ; gain = 0.000
INFO: [runtcl-6] Synthesis results are not added to the cache due to CRITICAL_WARNING
INFO: [Common 17-1381] The checkpoint 'E:/DE1/xlaban01/digital-electronics-1/labs/03-vivado/multiplexer/multiplexer.runs/synth_1/tb_mux_3bit_4to1.dcp' has been generated.
INFO: [runtcl-4] Executing : report_utilization -file tb_mux_3bit_4to1_utilization_synth.rpt -pb tb_mux_3bit_4to1_utilization_synth.pb
INFO: [Common 17-206] Exiting Vivado at Mon Mar  7 19:47:04 2022...
