#-----------------------------------------------------------
# Vivado v2020.1 (64-bit)
# SW Build 2902540 on Wed May 27 19:54:49 MDT 2020
# IP Build 2902112 on Wed May 27 22:43:36 MDT 2020
# Start of session at: Wed Mar 30 09:21:49 2022
# Process ID: 9656
# Current directory: D:/Documents/xlaban01/digital-electronics-1/labs/06-counter/counter
# Command line: vivado.exe -gui_launcher_event rodinguilauncherevent3220 D:\Documents\xlaban01\digital-electronics-1\labs\06-counter\counter\counter.xpr
# Log file: D:/Documents/xlaban01/digital-electronics-1/labs/06-counter/counter/vivado.log
# Journal file: D:/Documents/xlaban01/digital-electronics-1/labs/06-counter/counter\vivado.jou
#-----------------------------------------------------------
start_gui
open_project D:/Documents/xlaban01/digital-electronics-1/labs/06-counter/counter/counter.xpr
CRITICAL WARNING: [Project 1-19] Could not find the file 'D:/Documents/xlaban01/digital-electronics-1/labs/06-counter/images/tb_cnt_up_down_behav.wcfg'.
Scanning sources...
Finished scanning sources
INFO: [IP_Flow 19-234] Refreshing IP repositories
INFO: [IP_Flow 19-1704] No user IP repositories specified
INFO: [IP_Flow 19-2313] Loaded Vivado IP repository 'C:/APPZ/Xilinx/Vivado/2020.1/data/ip'.
open_project: Time (s): cpu = 00:00:11 ; elapsed = 00:00:05 . Memory (MB): peak = 1020.086 ; gain = 0.000
update_compile_order -fileset sources_1
launch_simulation
Command: launch_simulation 
INFO: [Vivado 12-5682] Launching behavioral simulation in 'D:/Documents/xlaban01/digital-electronics-1/labs/06-counter/counter/counter.sim/sim_1/behav/xsim'
INFO: [SIM-utils-51] Simulation object is 'sim_1'
INFO: [SIM-utils-54] Inspecting design source files for 'tb_cnt_up_down' in fileset 'sim_1'...
INFO: [USF-XSim-97] Finding global include files...
INFO: [USF-XSim-98] Fetching design files from 'sim_1'...
INFO: [USF-XSim-2] XSim::Compile design
INFO: [USF-XSim-61] Executing 'COMPILE and ANALYZE' step in 'D:/Documents/xlaban01/digital-electronics-1/labs/06-counter/counter/counter.sim/sim_1/behav/xsim'
"xvhdl --incr --relax -prj tb_cnt_up_down_vhdl.prj"
INFO: [USF-XSim-69] 'compile' step finished in '1' seconds
INFO: [USF-XSim-3] XSim::Elaborate design
INFO: [USF-XSim-61] Executing 'ELABORATE' step in 'D:/Documents/xlaban01/digital-electronics-1/labs/06-counter/counter/counter.sim/sim_1/behav/xsim'
"xelab -wto 57a0228272074dd9bdc64543becef58c --incr --debug typical --relax --mt 2 -L xil_defaultlib -L secureip --snapshot tb_cnt_up_down_behav xil_defaultlib.tb_cnt_up_down -log elaborate.log"
Vivado Simulator 2020.1
Copyright 1986-1999, 2001-2020 Xilinx, Inc. All Rights Reserved.
Running: C:/APPZ/Xilinx/Vivado/2020.1/bin/unwrapped/win64.o/xelab.exe -wto 57a0228272074dd9bdc64543becef58c --incr --debug typical --relax --mt 2 -L xil_defaultlib -L secureip --snapshot tb_cnt_up_down_behav xil_defaultlib.tb_cnt_up_down -log elaborate.log 
Using 2 slave threads.
Starting static elaboration
Completed static elaboration
INFO: [XSIM 43-4323] No Change in HDL. Linking previously generated obj files to create kernel
INFO: [USF-XSim-69] 'elaborate' step finished in '2' seconds
INFO: [USF-XSim-4] XSim::Simulate design
WARNING: [USF-XSim-17] WCFG file does not exist:D:/Documents/xlaban01/digital-electronics-1/labs/06-counter/images/tb_cnt_up_down_behav.wcfg
WARNING: [USF-XSim-17] WCFG file does not exist:D:/Documents/xlaban01/digital-electronics-1/labs/06-counter/images/tb_cnt_up_down_behav.wcfg
INFO: [USF-XSim-61] Executing 'SIMULATE' step in 'D:/Documents/xlaban01/digital-electronics-1/labs/06-counter/counter/counter.sim/sim_1/behav/xsim'
INFO: [USF-XSim-98] *** Running xsim
   with args "tb_cnt_up_down_behav -key {Behavioral:sim_1:Functional:tb_cnt_up_down} -tclbatch {tb_cnt_up_down.tcl} -log {simulate.log}"
INFO: [USF-XSim-8] Loading simulator feature
Vivado Simulator 2020.1
Time resolution is 1 ps
source tb_cnt_up_down.tcl
# set curr_wave [current_wave_config]
# if { [string length $curr_wave] == 0 } {
#   if { [llength [get_objects]] > 0} {
#     add_wave /
#     set_property needs_save false [current_wave_config]
#   } else {
#      send_msg_id Add_Wave-1 WARNING "No top level signals found. Simulator will start without a wave window. If you want to open a wave window go to 'File->New Waveform Configuration' or type 'create_wave_config' in the TCL console."
#   }
# }
# run 800ns
Note: Stimulus process started
Time: 0 ps  Iteration: 0  Process: /tb_cnt_up_down/p_stimulus  File: D:/Documents/xlaban01/digital-electronics-1/labs/06-counter/counter/counter.srcs/sim_1/new/tb_cnt_up_down.vhd
Note: Stimulus process finished
Time: 600 ns  Iteration: 0  Process: /tb_cnt_up_down/p_stimulus  File: D:/Documents/xlaban01/digital-electronics-1/labs/06-counter/counter/counter.srcs/sim_1/new/tb_cnt_up_down.vhd
INFO: [USF-XSim-96] XSim completed. Design snapshot 'tb_cnt_up_down_behav' loaded.
INFO: [USF-XSim-97] XSim simulation ran for 800ns
launch_simulation: Time (s): cpu = 00:00:07 ; elapsed = 00:00:07 . Memory (MB): peak = 1020.086 ; gain = 0.000
close_sim
INFO: [Simtcl 6-16] Simulation closed
close_sim: Time (s): cpu = 00:00:01 ; elapsed = 00:00:06 . Memory (MB): peak = 1020.086 ; gain = 0.000
exit
INFO: [Common 17-206] Exiting Vivado at Wed Mar 30 09:30:09 2022...
